(base) 位 yq01-sys-rpm0132b55 /workspace/ascend910_test {develop} sh run_demo.sh ResizeD
----------- buiding target : ResizeD --------------
-- The C compiler identification is GNU 8.2.0
-- The CXX compiler identification is GNU 8.2.0
-- Check for working C compiler: /usr/bin/cc
-- Check for working C compiler: /usr/bin/cc -- works
-- Detecting C compiler ABI info
-- Detecting C compiler ABI info - done
-- Detecting C compile features
-- Detecting C compile features - done
-- Check for working CXX compiler: /usr/bin/c++
-- Check for working CXX compiler: /usr/bin/c++ -- works
-- Detecting CXX compiler ABI info
-- Detecting CXX compiler ABI info - done
-- Detecting CXX compile features
-- Detecting CXX compile features - done
-- Building target TARGET_EXE=ResizeD
-- FWKACLLIB_INC_DIR /usr/local/Ascend/ascend-toolkit/latest/fwkacllib/include
-- ASCEND_CL_DIR /usr/local/Ascend/ascend-toolkit/latest/fwkacllib/lib64
-- Configuring done
-- Generating done
-- Build files have been written to: /workspace/ascend910_test/build
Scanning dependencies of target ResizeD
[ 33%] Building CXX object CMakeFiles/ResizeD.dir/ResizeD/ResizeD.cc.o
[ 66%] Building CXX object CMakeFiles/ResizeD.dir/common/logging.cc.o
[100%] Linking CXX executable ResizeD
[100%] Built target ResizeD
-------------- start running op : ResizeD --------------
aclrtRunMode is : ACL_HOST
Segmentation fault (core dumped)
(base) 位 yq01-sys-rpm0132b55 /workspace/ascend910_test {develop} cd build/
(base) 位 yq01-sys-rpm0132b55 /workspace/ascend910_test/build {develop} ls
CMakeCache.txt  CMakeFiles/  cmake_install.cmake  compile_commands.json  core.68112  Makefile  ResizeD
(base) 位 yq01-sys-rpm0132b55 /workspace/ascend910_test/build {develop} gdb ResizeD core.68112
GNU gdb (Ubuntu 10.2-0ubuntu1~18.04~2) 10.2
Copyright (C) 2021 Free Software Foundation, Inc.
License GPLv3+: GNU GPL version 3 or later <http://gnu.org/licenses/gpl.html>
This is free software: you are free to change and redistribute it.
There is NO WARRANTY, to the extent permitted by law.
Type "show copying" and "show warranty" for details.
This GDB was configured as "x86_64-linux-gnu".
Type "show configuration" for configuration details.
For bug reporting instructions, please see:
<https://www.gnu.org/software/gdb/bugs/>.
Find the GDB manual and other documentation resources online at:
    <http://www.gnu.org/software/gdb/documentation/>.

For help, type "help".
Type "apropos word" to search for commands related to "word"...
Reading symbols from ResizeD...
(No debugging symbols found in ResizeD)
[New LWP 81932]
[New LWP 81935]
[New LWP 81933]
[New LWP 81936]
[New LWP 81937]
[Thread debugging using libthread_db enabled]
Using host libthread_db library "/lib/x86_64-linux-gnu/libthread_db.so.1".
Core was generated by `./ResizeD'.
Program terminated with signal SIGSEGV, Segmentation fault.
#0  __memmove_avx_unaligned_erms () at ../sysdeps/x86_64/multiarch/memmove-vec-unaligned-erms.S:299
299	../sysdeps/x86_64/multiarch/memmove-vec-unaligned-erms.S: No such file or directory.
[Current thread is 1 (Thread 0x7f475fdc3a80 (LWP 81932))]
warning: File "/opt/compiler/gcc-8.2/lib64/libstdc++.so.6.0.25-gdb.py" auto-loading has been declined by your `auto-load safe-path' set to "$debugdir:$datadir/auto-load".
To enable execution of this file add
	add-auto-load-safe-path /opt/compiler/gcc-8.2/lib64/libstdc++.so.6.0.25-gdb.py
line to your configuration file "/root/.gdbinit".
To completely disable this security protection add
	set auto-load safe-path /
line to your configuration file "/root/.gdbinit".
For more information about this security protection see the
"Auto-loading safe path" section in the GDB manual.  E.g., run from the shell:
	info "(gdb)Auto-loading safe path"
(gdb) bt
#0  __memmove_avx_unaligned_erms () at ../sysdeps/x86_64/multiarch/memmove-vec-unaligned-erms.S:299
#1  0x00007f475b3c4c8a in memcpy_s () from /usr/local/Ascend/ascend-toolkit/latest/atc/lib64/libc_sec.so
#2  0x00007f475d5862f4 in aclopInferShape () from /usr/local/Ascend/nnae/latest/fwkacllib/lib64/libascendcl.so
#3  0x0000000000402b91 in main ()
(gdb)