(base) λ yq01-sys-rpm0132b55 /workspace/ascend910_test {develop} sh run_demo.sh Resize
----------- buiding target : Resize --------------
-- The C compiler identification is GNU 8.2.0
-- The CXX compiler identification is GNU 8.2.0
-- Check for working C compiler: /usr/bin/cc
-- Check for working C compiler: /usr/bin/cc -- works
-- Detecting C compiler ABI info
-- Detecting C compiler ABI info - done
-- Detecting C compile features
-- Detecting C compile features - done
-- Check for working CXX compiler: /usr/bin/c++
-- Check for working CXX compiler: /usr/bin/c++ -- works
-- Detecting CXX compiler ABI info
-- Detecting CXX compiler ABI info - done
-- Detecting CXX compile features
-- Detecting CXX compile features - done
-- Building target TARGET_EXE=Resize
-- FWKACLLIB_INC_DIR /usr/local/Ascend/ascend-toolkit/latest/fwkacllib/include
-- ASCEND_CL_DIR /usr/local/Ascend/ascend-toolkit/latest/fwkacllib/lib64
-- Configuring done
-- Generating done
-- Build files have been written to: /workspace/ascend910_test/build
Scanning dependencies of target Resize
[ 33%] Building CXX object CMakeFiles/Resize.dir/Resize/Resize.cc.o
/workspace/ascend910_test/Resize/Resize.cc: In function ‘int main()’:
/workspace/ascend910_test/Resize/Resize.cc:105:21: warning: comparison of integer expressions of different signedness: ‘int’ and ‘std::vector<float>::size_type’ {aka ‘long unsigned int’} [-Wsign-compare]
   for (int i = 0; i < y.size(); ++i) {
                   ~~^~~~~~~~~~
[ 66%] Building CXX object CMakeFiles/Resize.dir/common/logging.cc.o
[100%] Linking CXX executable Resize
[100%] Built target Resize
-------------- start running op : Resize --------------
aclrtRunMode is : ACL_HOST
aclopCompileAndExecute : Resize
[F  8/13 23: 6:34.   ...orkspace/ascend910_test/Resize/Resize.cc:98 main] Check failed: (reinterpret_cast<aclError>(aclopCompileAndExecute(op_type.c_str(), input_descs.size(), input_descs.data(), input_buffers.data(), output_descs.size(), output_descs.data(), output_buffers.data(), attr, ACL_ENGINE_SYS, ACL_COMPILE_SYS, __null, stream)) == ACL_SUCCESS): 500002!==0
[F  8/13 23: 6:34.   ...orkspace/ascend910_test/Resize/Resize.cc:98 main] Check failed: (reinterpret_cast<aclError>(aclopCompileAndExecute(op_type.c_str(), input_descs.size(), input_descs.data(), input_buffers.data(), output_descs.size(), output_descs.data(), output_buffers.data(), attr, ACL_ENGINE_SYS, ACL_COMPILE_SYS, __null, stream)) == ACL_SUCCESS): 500002!==0

y = [0, 0, 0, 0, 0, 0, 0, 0, 0, ]
(base) λ yq01-sys-rpm0132b55 /workspace/ascend910_test {develop}