[EVENT] PROFILING(83406,Resize):2021-08-13-23:06:54.105.057 [msprof_callback_impl.cpp:151] >>> (tid:83406) Started to register profiling callbacks to acl
[EVENT] TDT(83406,Resize):2021-08-13-23:06:54.145.637 [log.cpp:148][TsdClient] enter into open process logicDeviceId[0] rankSize[0],[tsd_client.cpp:614:Open]83406
[EVENT] TDT(83406,Resize):2021-08-13-23:06:54.145.666 [log.cpp:148][TsdClient] start process through tsdaemon, begin check aicpu opkernel,[tsd_client.cpp:627:Open]83406
[EVENT] TDT(83406,Resize):2021-08-13-23:06:54.146.030 [log.cpp:148][TsdClient] logicDeviceId_=0 begin to init hdc client,[tsd_client.cpp:326:TsdClientInit]83406
[EVENT] TDT(83406,Resize):2021-08-13-23:06:54.146.197 [log.cpp:148]VersionVerify: send client version to server,[version_verify.cpp:33:SetVersionInfo]83406
[EVENT] TDT(83406,Resize):2021-08-13-23:06:54.146.207 [log.cpp:148]send feature_info:{msg_type:35, features:{check before send aicpu package,}},[version_verify.cpp:43:SetVersionInfo]83406
[EVENT] TDT(83406,Resize):2021-08-13-23:06:54.146.602 [log.cpp:148]VersionVerify: Check client version info, server[1230], client[1230],[version_verify.cpp:59:PeerVersionCheck]83406
[EVENT] TDT(83406,Resize):2021-08-13-23:06:54.146.624 [log.cpp:148]VersionVerify: pass client version info success,[version_verify.cpp:80:ParseVersionInfo]83406
[EVENT] TDT(83406,Resize):2021-08-13-23:06:54.146.634 [log.cpp:148]Service[2] create hdc success,[hdc_client.cpp:406:CheckHdcConnection]83406
[EVENT] TDT(83406,Resize):2021-08-13-23:06:54.146.647 [log.cpp:148]VersionVerify: msgType[35] not supported, please check and update you software,[version_verify.cpp:119:SpecialFeatureCheck]83406
[EVENT] TDT(83406,Resize):2021-08-13-23:06:54.146.656 [log.cpp:148][TsdClient] Device not support search check_code before send aicpu package.,[tsd_client.cpp:1244:GetDeviceCheckCode]83406
[EVENT] TDT(83406,Resize):2021-08-13-23:06:54.183.922 [log.cpp:148][TsdClient][logicDeviceId_=0] check aicpu opkernel success,[tsd_client.cpp:632:Open]83406
[EVENT] TDT(83406,Resize):2021-08-13-23:06:54.183.941 [log.cpp:148][TsdClient] logicDeviceId_=0 begin to init hdc client,[tsd_client.cpp:326:TsdClientInit]83406
[EVENT] TDT(83406,Resize):2021-08-13-23:06:54.184.087 [log.cpp:148]VersionVerify: send client version to server,[version_verify.cpp:33:SetVersionInfo]83406
[EVENT] TDT(83406,Resize):2021-08-13-23:06:54.184.104 [log.cpp:148]send feature_info:{msg_type:35, features:{check before send aicpu package,}},[version_verify.cpp:43:SetVersionInfo]83406
[EVENT] TDT(83406,Resize):2021-08-13-23:06:54.184.415 [log.cpp:148]VersionVerify: Check client version info, server[1230], client[1230],[version_verify.cpp:59:PeerVersionCheck]83406
[EVENT] TDT(83406,Resize):2021-08-13-23:06:54.184.431 [log.cpp:148]VersionVerify: pass client version info success,[version_verify.cpp:80:ParseVersionInfo]83406
[EVENT] TDT(83406,Resize):2021-08-13-23:06:54.184.440 [log.cpp:148]Service[2] create hdc success,[hdc_client.cpp:406:CheckHdcConnection]83406
[EVENT] TDT(83406,Resize):2021-08-13-23:06:54.184.489 [log.cpp:148]VersionVerify: previous type[6], supported,[version_verify.cpp:105:SpecialFeatureCheck]83406
[EVENT] TDT(83406,Resize):2021-08-13-23:06:54.184.512 [log.cpp:148][TsdClient][logicDeviceId_=0] [sessionId=1][rankSize=0]wait hccp and computer process start respond,[tsd_client.cpp:659:Open]83406
[EVENT] TDT(83406,Resize):2021-08-13-23:06:54.450.675 [log.cpp:148][TsdClient][logicDeviceId_=0] [sessionId=1] start hccp and computer process success,[tsd_client.cpp:695:Open]83406
[TRACE] GE(83406,Resize):2021-08-13-23:06:54.478.241 [status:INIT] [/home/jenkins/agent/workspace/Compile_GraphEngine_Centos_X86/graphengine/ge/client/ge_api.cc:94]83406 GEInitializeImpl:GEInitialize start
[TRACE] GE(83406,Resize):2021-08-13-23:06:54.507.895 [status:RUNNING] [/home/jenkins/agent/workspace/Compile_GraphEngine_Centos_X86/graphengine/ge/client/ge_api.cc:141]83406 GEInitializeImpl:Initializing environment
[EVENT] GE(83406,Resize):2021-08-13-23:06:54.507.921 [/home/jenkins/agent/workspace/Compile_GraphEngine_Centos_X86/graphengine/ge/init/gelib.cc:64]83406 Initialize:[GEPERFTRACE] GE Init Start
[EVENT] FE(83406,Resize):2021-08-13-23:06:56.912.207 [/home/jenkins/agent/workspace/Compile_Air_Centos_X86/air/compiler/graphcompiler/engines/nneng/optimizer/fusion_config_manager/fusion_config_parser.cc:316]83406 ParseFusionConfigFile:"[FE_PERFORMANCE]The time cost of FusionConfigParser::ParseFusionConfigFile is [1598] micro second."
[EVENT] FE(83406,Resize):2021-08-13-23:06:56.912.290 [/home/jenkins/agent/workspace/Compile_Air_Centos_X86/air/compiler/graphcompiler/engines/nneng/optimizer/fusion_manager/fusion_manager.cc:339]83406 Initialize:"[FE_PERFORMANCE]The time cost of FusionManager::Initialize is [2178412] micro second."
[EVENT] HCCL(83406,Resize):2021-08-13-23:06:56.912.396 [plugin_manager.cc:41][83406][83406]hcom running normal mode.
[EVENT] GE(83406,Resize):2021-08-13-23:06:57.005.839 [/home/jenkins/agent/workspace/Compile_GraphEngine_Centos_X86/graphengine/ge/init/gelib.cc:105]83406 Initialize:[GEPERFTRACE] The time cost of GELib::Initialize is [2497852] micro second.
[TRACE] GE(83406,Resize):2021-08-13-23:06:57.005.857 [status:STOP] [/home/jenkins/agent/workspace/Compile_GraphEngine_Centos_X86/graphengine/ge/client/ge_api.cc:157]83406 GEInitializeImpl:GEInitialize finished
[EVENT] GE(83406,Resize):2021-08-13-23:06:57.007.096 [/home/jenkins/agent/workspace/Compile_GraphEngine_Centos_X86/graphengine/ge/graph/manager/graph_manager.cc:997]83406 PreRun:PreRun start: graph node size 4, session id 0, graph id 0, graph name 20210813230657_online.
[EVENT] FE(83406,Resize):2021-08-13-23:06:57.009.968 [/home/jenkins/agent/workspace/Compile_Air_Centos_X86/air/compiler/graphcompiler/engines/nneng/optimizer/fusion_config_manager/fusion_priority_manager.cc:89]83406 SortGraphFusion:"[FE_PERFORMANCE]The time cost of FusionPriorityManager::SortGraphFusion is [1123] micro second."
[EVENT] FE(83406,Resize):2021-08-13-23:06:57.010.573 [/home/jenkins/agent/workspace/Compile_Air_Centos_X86/air/compiler/graphcompiler/engines/nneng/optimizer/graph_optimizer/fe_graph_optimizer.cc:594]83406 OptimizeGraphPrepare:"[FE_PERFORMANCE]The time cost of FEGraphOptimizer::OptimizeTagNoConstFoldingGraph is [1803] micro second."
[EVENT] GE(83406,Resize):2021-08-13-23:06:57.010.640 [/home/jenkins/agent/workspace/Compile_GraphEngine_Centos_X86/graphengine/ge/graph/manager/graph_manager.cc:876]83406 PreRunOptimizeOriginalGraph:[GEPERFTRACE] The time cost of GraphManager::stages.optimizer.OptimizeOriginalGraphForQuantize is [1884] micro second.
[EVENT] GE(83406,Resize):2021-08-13-23:06:57.010.659 [/home/jenkins/agent/workspace/Compile_GraphEngine_Centos_X86/graphengine/ge/graph/manager/graph_manager.cc:877]83406 PreRunOptimizeOriginalGraph:[GEPERFTRACE] The time cost of GraphManager::stages.optimizer.HandleSummaryOp is [6] micro second.
[ERROR] GE(83406,Resize):2021-08-13-23:06:57.012.565 [/home/jenkins/agent/workspace/Compile_GraphEngine_Centos_X86/graphengine/metadef/graph/operator.cc:270]83406 GetInputConstData: ErrorNo: 50331649() [COMP][PRE_OPT][Check][Param] param[out_data_anchor] must not be null.
[ERROR] TBE(83406,Resize):2021-08-13-23:06:57.012.620 [/home/jenkins/agent/workspace/Compile_Canndev_Centos_X86/canndev/ops/built-in/op_proto/image_ops.cc:2639][OP_PROTO] CalculateSizeOut:2639 OpName:[Resize] "attr[scale_out], has wrong size[0], it should be 2"
[ERROR] TBE(83406,Resize):2021-08-13-23:06:57.012.668 [/home/jenkins/agent/workspace/Compile_Canndev_Centos_X86/canndev/ops/built-in/op_proto/image_ops.cc:2724][OP_PROTO] ResizeNearestInferShape:2724 OpName:[Resize] "calculate size out failed."
[ERROR] GE(83406,Resize):2021-08-13-23:06:57.012.693 [/home/jenkins/agent/workspace/Compile_GraphEngine_Centos_X86/graphengine/metadef/graph/op_desc.cc:1280]83406 CallInferFunc: ErrorNo: -1(failed) [COMP][PRE_OPT][Call][InferFunc] for Resize failed. ret:4294967295
[ERROR] GE(83406,Resize):2021-08-13-23:06:57.012.709 [/home/jenkins/agent/workspace/Compile_GraphEngine_Centos_X86/graphengine/metadef/graph/shape_refiner.cc:844]83406 InferShapeAndType: ErrorNo: -1(failed) [COMP][PRE_OPT][Call][InferFunction] failed, node:Resize(Resize).
[ERROR] GE(83406,Resize):2021-08-13-23:06:57.012.928 [/home/jenkins/agent/workspace/Compile_GraphEngine_Centos_X86/graphengine/ge/graph/passes/infershape_pass.cc:97]83406 Run: ErrorNo: 1343242270(Prepare Graph infershape failed) [COMP][PRE_OPT][Call][InferShapeAndType] for node:Resize(Resize) failed, input_tensor:{input_0 tensor: [(shape:[1,1,2,3]),(format:NCHW),(dtype:DT_FLOAT),(origin_shape:1,1,2,3),(origin_format:NCHW),(origin_dtype:DT_FLOAT),(shape_range:[])]    input_1 tensor: [(shape:[2]),(format:NCHW),(dtype:DT_INT64),(origin_shape:2),(origin_format:NCHW),(origin_dtype:DT_INT64),(shape_range:[])]
[ERROR] GE(83406,Resize):2021-08-13-23:06:57.012.945 [/home/jenkins/agent/workspace/Compile_GraphEngine_Centos_X86/graphengine/ge/graph/passes/base_pass.cc:164]83406 RunPasses: ErrorNo: 1343225860(Internal errors) [COMP][PRE_OPT][Process][Pass] InferShapePass on node Resize failed, result 1343242270, the passes will be terminated immediately.
[ERROR] GE(83406,Resize):2021-08-13-23:06:57.012.951 [/home/jenkins/agent/workspace/Compile_GraphEngine_Centos_X86/graphengine/ge/graph/passes/base_pass.cc:306]83406 RunPassesOneGraph: ErrorNo: 1343242270(Prepare Graph infershape failed) [COMP][PRE_OPT][Process][Passes] on node Resize type Resize failed, error code:1343242270
[ERROR] GE(83406,Resize):2021-08-13-23:06:57.012.959 [/home/jenkins/agent/workspace/Compile_GraphEngine_Centos_X86/graphengine/ge/graph/preprocess/graph_preprocess.cc:2050]83406 InferShapeForPreprocess: ErrorNo: 1343242270(Prepare Graph infershape failed) [COMP][PRE_OPT][Run][GePasses] infershape for preprocess failed, ret:1343242270.
[ERROR] GE(83406,Resize):2021-08-13-23:06:57.012.969 [/home/jenkins/agent/workspace/Compile_GraphEngine_Centos_X86/graphengine/ge/graph/preprocess/graph_preprocess.cc:1606]83406 FormatAndShapeProcess: ErrorNo: 1343242270(Prepare Graph infershape failed) [COMP][PRE_OPT][Call][InferShapeForPreprocess] Prepare Graph infershape failed
[ERROR] GE(83406,Resize):2021-08-13-23:06:57.012.974 [/home/jenkins/agent/workspace/Compile_GraphEngine_Centos_X86/graphengine/ge/graph/preprocess/graph_preprocess.cc:1745]83406 PrepareDynShape: ErrorNo: 1343242270(Prepare Graph infershape failed) [COMP][PRE_OPT]Failed to process Prepare_FormatAndShapeProcess
[EVENT] GE(83406,Resize):2021-08-13-23:06:57.012.978 [/home/jenkins/agent/workspace/Compile_GraphEngine_Centos_X86/graphengine/ge/graph/manager/graph_manager.cc:879]83406 PreRunOptimizeOriginalGraph:[GEPERFTRACE] The time cost of GraphManager::stages.preparer.PrepareDynShape is [2315] micro second.
[ERROR] GE(83406,Resize):2021-08-13-23:06:57.012.983 [/home/jenkins/agent/workspace/Compile_GraphEngine_Centos_X86/graphengine/ge/graph/manager/graph_manager.cc:879]83406 PreRunOptimizeOriginalGraph: ErrorNo: 1343242270(Prepare Graph infershape failed) [COMP][PRE_OPT]Failed to process GraphManager_stages.preparer.PrepareDynShape
[ERROR] GE(83406,Resize):2021-08-13-23:06:57.012.988 [/home/jenkins/agent/workspace/Compile_GraphEngine_Centos_X86/graphengine/ge/graph/manager/graph_manager.cc:1023]83406 PreRun: ErrorNo: 1343242270(Prepare Graph infershape failed) [COMP][PRE_OPT][Run][PreRunOptimizeOriginalGraph] failed for graph:20210813230657_online, session_id:0
[ERROR] GE(83406,Resize):2021-08-13-23:06:57.013.771 [/home/jenkins/agent/workspace/Compile_GraphEngine_Centos_X86/graphengine/ge/graph/manager/graph_manager.cc:1121]83406 StartForRunGraph: ErrorNo: 1343242270(Prepare Graph infershape failed) [COMP][PRE_OPT][Call][PreRun] Failed, graph_id:0, session_id:0.
[ERROR] GE(83406,Resize):2021-08-13-23:06:57.013.778 [/home/jenkins/agent/workspace/Compile_GraphEngine_Centos_X86/graphengine/ge/graph/manager/graph_manager.cc:1597]83406 BuildGraph: ErrorNo: 1343242268(PreRun failed.) [COMP][PRE_OPT][Call][StartForRunGraph] failed! graph_id:0.
[ERROR] GE(83406,Resize):2021-08-13-23:06:57.013.793 [/home/jenkins/agent/workspace/Compile_GraphEngine_Centos_X86/graphengine/ge/generator/ge_generator.cc:1155]83406 BuildModel: ErrorNo: 1343266819(Graph manager build graph failed.) [COMP][DEFAULT][Build][Graph] fail, graph id: 0
[ERROR] ASCENDCL(83406,Resize):2021-08-13-23:06:57.013.853 [/home/jenkins/agent/workspace/Compile_ACL_Centos_X86/acl/single_op/compile/local_compiler.cpp:90]83406 OnlineCompile: [COMP][DEFAULT][Build][SingleOpModel]call ge interface generator.BuildSingleOpModel failed. ge result = 1343266819
[ERROR] ASCENDCL(83406,Resize):2021-08-13-23:06:57.014.073 [/home/jenkins/agent/workspace/Compile_ACL_Centos_X86/acl/single_op/op_model_manager.cpp:517]83406 GetOpModel: [FINAL][FINAL][Build][Op]Fail to build op model
[ERROR] ASCENDCL(83406,Resize):2021-08-13-23:06:57.014.084 [/home/jenkins/agent/workspace/Compile_ACL_Centos_X86/acl/single_op/op_compiler.cpp:162]83406 aclopCompileAndExecute: [FINAL][FINAL]build op model failed, result = 500002
[EVENT] GE(83406,Resize):2021-08-13-23:06:57.014.794 [/home/jenkins/agent/workspace/Compile_GraphEngine_Centos_X86/graphengine/ge/graph/manager/graph_manager.cc:997]83406 PreRun:PreRun start: graph node size 4, session id 1, graph id 1, graph name 20210813230657_online.
[EVENT] FE(83406,Resize):2021-08-13-23:06:57.016.262 [/home/jenkins/agent/workspace/Compile_Air_Centos_X86/air/compiler/graphcompiler/engines/nneng/optimizer/fusion_config_manager/fusion_priority_manager.cc:89]83406 SortGraphFusion:"[FE_PERFORMANCE]The time cost of FusionPriorityManager::SortGraphFusion is [1002] micro second."
[EVENT] FE(83406,Resize):2021-08-13-23:06:57.016.771 [/home/jenkins/agent/workspace/Compile_Air_Centos_X86/air/compiler/graphcompiler/engines/nneng/optimizer/graph_optimizer/fe_graph_optimizer.cc:594]83406 OptimizeGraphPrepare:"[FE_PERFORMANCE]The time cost of FEGraphOptimizer::OptimizeTagNoConstFoldingGraph is [1533] micro second."
[EVENT] GE(83406,Resize):2021-08-13-23:06:57.016.816 [/home/jenkins/agent/workspace/Compile_GraphEngine_Centos_X86/graphengine/ge/graph/manager/graph_manager.cc:876]83406 PreRunOptimizeOriginalGraph:[GEPERFTRACE] The time cost of GraphManager::stages.optimizer.OptimizeOriginalGraphForQuantize is [1583] micro second.
[EVENT] GE(83406,Resize):2021-08-13-23:06:57.016.825 [/home/jenkins/agent/workspace/Compile_GraphEngine_Centos_X86/graphengine/ge/graph/manager/graph_manager.cc:877]83406 PreRunOptimizeOriginalGraph:[GEPERFTRACE] The time cost of GraphManager::stages.optimizer.HandleSummaryOp is [3] micro second.
[ERROR] GE(83406,Resize):2021-08-13-23:06:57.017.786 [/home/jenkins/agent/workspace/Compile_GraphEngine_Centos_X86/graphengine/metadef/graph/operator.cc:270]83406 GetInputConstData: ErrorNo: 50331649() [COMP][PRE_OPT][Check][Param] param[out_data_anchor] must not be null.
[ERROR] TBE(83406,Resize):2021-08-13-23:06:57.017.825 [/home/jenkins/agent/workspace/Compile_Canndev_Centos_X86/canndev/ops/built-in/op_proto/image_ops.cc:2639][OP_PROTO] CalculateSizeOut:2639 OpName:[Resize] "attr[scale_out], has wrong size[0], it should be 2"
[ERROR] TBE(83406,Resize):2021-08-13-23:06:57.017.851 [/home/jenkins/agent/workspace/Compile_Canndev_Centos_X86/canndev/ops/built-in/op_proto/image_ops.cc:2724][OP_PROTO] ResizeNearestInferShape:2724 OpName:[Resize] "calculate size out failed."
[ERROR] GE(83406,Resize):2021-08-13-23:06:57.017.867 [/home/jenkins/agent/workspace/Compile_GraphEngine_Centos_X86/graphengine/metadef/graph/op_desc.cc:1280]83406 CallInferFunc: ErrorNo: -1(failed) [COMP][PRE_OPT][Call][InferFunc] for Resize failed. ret:4294967295
[ERROR] GE(83406,Resize):2021-08-13-23:06:57.017.877 [/home/jenkins/agent/workspace/Compile_GraphEngine_Centos_X86/graphengine/metadef/graph/shape_refiner.cc:844]83406 InferShapeAndType: ErrorNo: -1(failed) [COMP][PRE_OPT][Call][InferFunction] failed, node:Resize(Resize).
[ERROR] GE(83406,Resize):2021-08-13-23:06:57.018.028 [/home/jenkins/agent/workspace/Compile_GraphEngine_Centos_X86/graphengine/ge/graph/passes/infershape_pass.cc:97]83406 Run: ErrorNo: 1343242270(Prepare Graph infershape failed) [COMP][PRE_OPT][Call][InferShapeAndType] for node:Resize(Resize) failed, input_tensor:{input_0 tensor: [(shape:[1,1,2,3]),(format:NCHW),(dtype:DT_FLOAT),(origin_shape:1,1,2,3),(origin_format:NCHW),(origin_dtype:DT_FLOAT),(shape_range:[])]    input_1 tensor: [(shape:[2]),(format:NCHW),(dtype:DT_INT64),(origin_shape:2),(origin_format:NCHW),(origin_dtype:DT_INT64),(shape_range:[])]
[ERROR] GE(83406,Resize):2021-08-13-23:06:57.018.044 [/home/jenkins/agent/workspace/Compile_GraphEngine_Centos_X86/graphengine/ge/graph/passes/base_pass.cc:164]83406 RunPasses: ErrorNo: 1343225860(Internal errors) [COMP][PRE_OPT][Process][Pass] InferShapePass on node Resize failed, result 1343242270, the passes will be terminated immediately.
[ERROR] GE(83406,Resize):2021-08-13-23:06:57.018.050 [/home/jenkins/agent/workspace/Compile_GraphEngine_Centos_X86/graphengine/ge/graph/passes/base_pass.cc:306]83406 RunPassesOneGraph: ErrorNo: 1343242270(Prepare Graph infershape failed) [COMP][PRE_OPT][Process][Passes] on node Resize type Resize failed, error code:1343242270
[ERROR] GE(83406,Resize):2021-08-13-23:06:57.018.056 [/home/jenkins/agent/workspace/Compile_GraphEngine_Centos_X86/graphengine/ge/graph/preprocess/graph_preprocess.cc:2050]83406 InferShapeForPreprocess: ErrorNo: 1343242270(Prepare Graph infershape failed) [COMP][PRE_OPT][Run][GePasses] infershape for preprocess failed, ret:1343242270.
[ERROR] GE(83406,Resize):2021-08-13-23:06:57.018.065 [/home/jenkins/agent/workspace/Compile_GraphEngine_Centos_X86/graphengine/ge/graph/preprocess/graph_preprocess.cc:1606]83406 FormatAndShapeProcess: ErrorNo: 1343242270(Prepare Graph infershape failed) [COMP][PRE_OPT][Call][InferShapeForPreprocess] Prepare Graph infershape failed
[ERROR] GE(83406,Resize):2021-08-13-23:06:57.018.069 [/home/jenkins/agent/workspace/Compile_GraphEngine_Centos_X86/graphengine/ge/graph/preprocess/graph_preprocess.cc:1745]83406 PrepareDynShape: ErrorNo: 1343242270(Prepare Graph infershape failed) [COMP][PRE_OPT]Failed to process Prepare_FormatAndShapeProcess
[EVENT] GE(83406,Resize):2021-08-13-23:06:57.018.074 [/home/jenkins/agent/workspace/Compile_GraphEngine_Centos_X86/graphengine/ge/graph/manager/graph_manager.cc:879]83406 PreRunOptimizeOriginalGraph:[GEPERFTRACE] The time cost of GraphManager::stages.preparer.PrepareDynShape is [1244] micro second.
[ERROR] GE(83406,Resize):2021-08-13-23:06:57.018.078 [/home/jenkins/agent/workspace/Compile_GraphEngine_Centos_X86/graphengine/ge/graph/manager/graph_manager.cc:879]83406 PreRunOptimizeOriginalGraph: ErrorNo: 1343242270(Prepare Graph infershape failed) [COMP][PRE_OPT]Failed to process GraphManager_stages.preparer.PrepareDynShape
[ERROR] GE(83406,Resize):2021-08-13-23:06:57.018.082 [/home/jenkins/agent/workspace/Compile_GraphEngine_Centos_X86/graphengine/ge/graph/manager/graph_manager.cc:1023]83406 PreRun: ErrorNo: 1343242270(Prepare Graph infershape failed) [COMP][PRE_OPT][Run][PreRunOptimizeOriginalGraph] failed for graph:20210813230657_online, session_id:1
[ERROR] GE(83406,Resize):2021-08-13-23:06:57.018.846 [/home/jenkins/agent/workspace/Compile_GraphEngine_Centos_X86/graphengine/ge/graph/manager/graph_manager.cc:1121]83406 StartForRunGraph: ErrorNo: 1343242270(Prepare Graph infershape failed) [COMP][PRE_OPT][Call][PreRun] Failed, graph_id:1, session_id:1.
[ERROR] GE(83406,Resize):2021-08-13-23:06:57.018.851 [/home/jenkins/agent/workspace/Compile_GraphEngine_Centos_X86/graphengine/ge/graph/manager/graph_manager.cc:1597]83406 BuildGraph: ErrorNo: 1343242268(PreRun failed.) [COMP][PRE_OPT][Call][StartForRunGraph] failed! graph_id:1.
[ERROR] GE(83406,Resize):2021-08-13-23:06:57.018.863 [/home/jenkins/agent/workspace/Compile_GraphEngine_Centos_X86/graphengine/ge/generator/ge_generator.cc:1155]83406 BuildModel: ErrorNo: 1343266819(Graph manager build graph failed.) [COMP][DEFAULT][Build][Graph] fail, graph id: 1
[ERROR] ASCENDCL(83406,Resize):2021-08-13-23:06:57.018.917 [/home/jenkins/agent/workspace/Compile_ACL_Centos_X86/acl/single_op/compile/local_compiler.cpp:90]83406 OnlineCompile: [COMP][DEFAULT][Build][SingleOpModel]call ge interface generator.BuildSingleOpModel failed. ge result = 1343266819
[ERROR] ASCENDCL(83406,Resize):2021-08-13-23:06:57.019.103 [/home/jenkins/agent/workspace/Compile_ACL_Centos_X86/acl/single_op/op_model_manager.cpp:517]83406 GetOpModel: [FINAL][FINAL][Build][Op]Fail to build op model
[ERROR] ASCENDCL(83406,Resize):2021-08-13-23:06:57.019.116 [/home/jenkins/agent/workspace/Compile_ACL_Centos_X86/acl/single_op/op_compiler.cpp:162]83406 aclopCompileAndExecute: [FINAL][FINAL]build op model failed, result = 500002
[EVENT] TDT(83406,Resize):2021-08-13-23:06:57.029.219 [log.cpp:148][TsdClient] Close [logicDeviceId_=0][sessionId=1] hccp and computer enter,[tsd_client.cpp:725:Close]83406
[EVENT] TDT(83406,Resize):2021-08-13-23:06:57.029.250 [log.cpp:148]VersionVerify: previous type[7], supported,[version_verify.cpp:105:SpecialFeatureCheck]83406
[EVENT] TDT(83406,Resize):2021-08-13-23:06:57.029.274 [log.cpp:148][TsdClient][logicDeviceId_=0] [sessionId=1] wait hccp and computer process close respond,[tsd_client.cpp:738:Close]83406
[EVENT] TDT(83406,Resize):2021-08-13-23:06:57.153.275 [log.cpp:148][TsdClient][logicDeviceId_=0]has recv close hccp and computer process respond,[tsd_client.cpp:751:Close]83406
[EVENT] TDT(83406,Resize):2021-08-13-23:06:57.153.368 [log.cpp:148][TsdClient][logicDeviceId_=0] [sessionId=1] close hccp and computer process success,[tsd_client.cpp:771:Close]83406
[EVENT] ASCENDCL(83406,Resize):2021-08-13-23:06:58.111.619 [/home/jenkins/agent/workspace/Compile_ACL_Centos_X86/acl/toolchain/resource_statistics.cpp:104]83406 TraverseStatistics: The ResourceType:ACL_STATISTICS_MALLOC_FREE, applyTotal = 2, applySucc = 2, releaseTotal = 2, releaseSucc = 2
[EVENT] ASCENDCL(83406,Resize):2021-08-13-23:06:58.111.654 [/home/jenkins/agent/workspace/Compile_ACL_Centos_X86/acl/toolchain/resource_statistics.cpp:104]83406 TraverseStatistics: The ResourceType:ACL_STATISTICS_MALLOC_FREE_HOST, applyTotal = 1, applySucc = 1, releaseTotal = 1, releaseSucc = 1
[EVENT] ASCENDCL(83406,Resize):2021-08-13-23:06:58.111.674 [/home/jenkins/agent/workspace/Compile_ACL_Centos_X86/acl/toolchain/resource_statistics.cpp:104]83406 TraverseStatistics: The ResourceType:ACL_STATISTICS_CREATE_DESTROY_CONTEXT, applyTotal = 0, applySucc = 0, releaseTotal = 0, releaseSucc = 0
[EVENT] ASCENDCL(83406,Resize):2021-08-13-23:06:58.111.684 [/home/jenkins/agent/workspace/Compile_ACL_Centos_X86/acl/toolchain/resource_statistics.cpp:104]83406 TraverseStatistics: The ResourceType:ACL_STATISTICS_SET_RESET_DEVICE, applyTotal = 1, applySucc = 1, releaseTotal = 1, releaseSucc = 1
[EVENT] ASCENDCL(83406,Resize):2021-08-13-23:06:58.111.693 [/home/jenkins/agent/workspace/Compile_ACL_Centos_X86/acl/toolchain/resource_statistics.cpp:104]83406 TraverseStatistics: The ResourceType:ACL_STATISTICS_CREATE_DESTROY_EVENT, applyTotal = 0, applySucc = 0, releaseTotal = 0, releaseSucc = 0
[EVENT] ASCENDCL(83406,Resize):2021-08-13-23:06:58.111.701 [/home/jenkins/agent/workspace/Compile_ACL_Centos_X86/acl/toolchain/resource_statistics.cpp:104]83406 TraverseStatistics: The ResourceType:ACL_STATISTICS_CREATE_DESTROY_STREAM, applyTotal = 1, applySucc = 1, releaseTotal = 1, releaseSucc = 1
[EVENT] ASCENDCL(83406,Resize):2021-08-13-23:06:58.111.709 [/home/jenkins/agent/workspace/Compile_ACL_Centos_X86/acl/toolchain/resource_statistics.cpp:104]83406 TraverseStatistics: The ResourceType:ACL_STATISTICS_DVPP_MALLOC_FREE, applyTotal = 0, applySucc = 0, releaseTotal = 0, releaseSucc = 0
[EVENT] ASCENDCL(83406,Resize):2021-08-13-23:06:58.111.718 [/home/jenkins/agent/workspace/Compile_ACL_Centos_X86/acl/toolchain/resource_statistics.cpp:104]83406 TraverseStatistics: The ResourceType:ACL_STATISTICS_RECORD_RESET_EVENT, applyTotal = 0, applySucc = 0, releaseTotal = 0, releaseSucc = 0
[EVENT] ASCENDCL(83406,Resize):2021-08-13-23:06:58.111.726 [/home/jenkins/agent/workspace/Compile_ACL_Centos_X86/acl/toolchain/resource_statistics.cpp:104]83406 TraverseStatistics: The ResourceType:ACL_STATISTICS_CREATE_DESTROY_DATA_BUFFER, applyTotal = 5, applySucc = 5, releaseTotal = 5, releaseSucc = 5
[EVENT] ASCENDCL(83406,Resize):2021-08-13-23:06:58.111.735 [/home/jenkins/agent/workspace/Compile_ACL_Centos_X86/acl/toolchain/resource_statistics.cpp:104]83406 TraverseStatistics: The ResourceType:ACL_STATISTICS_CREATE_DESTROY_TENSOR_DESC, applyTotal = 5, applySucc = 5, releaseTotal = 5, releaseSucc = 5
[EVENT] ASCENDCL(83406,Resize):2021-08-13-23:06:58.111.743 [/home/jenkins/agent/workspace/Compile_ACL_Centos_X86/acl/toolchain/resource_statistics.cpp:104]83406 TraverseStatistics: The ResourceType:ACL_STATISTICS_CREATE_DESTROY_DESC, applyTotal = 0, applySucc = 0, releaseTotal = 0, releaseSucc = 0
[EVENT] ASCENDCL(83406,Resize):2021-08-13-23:06:58.111.750 [/home/jenkins/agent/workspace/Compile_ACL_Centos_X86/acl/toolchain/resource_statistics.cpp:104]83406 TraverseStatistics: The ResourceType:ACL_STATISTICS_CREATE_DESTROY_DATASET, applyTotal = 0, applySucc = 0, releaseTotal = 0, releaseSucc = 0
[EVENT] ASCENDCL(83406,Resize):2021-08-13-23:06:58.111.759 [/home/jenkins/agent/workspace/Compile_ACL_Centos_X86/acl/toolchain/resource_statistics.cpp:104]83406 TraverseStatistics: The ResourceType:ACL_STATISTICS_CREATE_LOAD_UNLOAD_MODEL, applyTotal = 0, applySucc = 0, releaseTotal = 0, releaseSucc = 0
[EVENT] ASCENDCL(83406,Resize):2021-08-13-23:06:58.111.766 [/home/jenkins/agent/workspace/Compile_ACL_Centos_X86/acl/toolchain/resource_statistics.cpp:104]83406 TraverseStatistics: The ResourceType:ACL_STATISTICS_CREATE_DESTROY_AIPP, applyTotal = 0, applySucc = 0, releaseTotal = 0, releaseSucc = 0
[EVENT] ASCENDCL(83406,Resize):2021-08-13-23:06:58.111.775 [/home/jenkins/agent/workspace/Compile_ACL_Centos_X86/acl/toolchain/resource_statistics.cpp:104]83406 TraverseStatistics: The ResourceType:ACL_STATISTICS_CREATE_DESTROY_ATTR, applyTotal = 1, applySucc = 1, releaseTotal = 1, releaseSucc = 1
[EVENT] ASCENDCL(83406,Resize):2021-08-13-23:06:58.111.783 [/home/jenkins/agent/workspace/Compile_ACL_Centos_X86/acl/toolchain/resource_statistics.cpp:104]83406 TraverseStatistics: The ResourceType:ACL_STATISTICS_CREATE_DESTROY_HANDLE, applyTotal = 0, applySucc = 0, releaseTotal = 0, releaseSucc = 0
[EVENT] ASCENDCL(83406,Resize):2021-08-13-23:06:58.111.791 [/home/jenkins/agent/workspace/Compile_ACL_Centos_X86/acl/toolchain/resource_statistics.cpp:104]83406 TraverseStatistics: The ResourceType:ACL_STATISTICS_CREATE_DESTROY_DVPP_CHANNEL_DESC, applyTotal = 0, applySucc = 0, releaseTotal = 0, releaseSucc = 0
[EVENT] ASCENDCL(83406,Resize):2021-08-13-23:06:58.111.799 [/home/jenkins/agent/workspace/Compile_ACL_Centos_X86/acl/toolchain/resource_statistics.cpp:104]83406 TraverseStatistics: The ResourceType:ACL_STATISTICS_CREATE_DESTROY_DVPP_PIC_DESC, applyTotal = 0, applySucc = 0, releaseTotal = 0, releaseSucc = 0
[EVENT] ASCENDCL(83406,Resize):2021-08-13-23:06:58.111.809 [/home/jenkins/agent/workspace/Compile_ACL_Centos_X86/acl/toolchain/resource_statistics.cpp:104]83406 TraverseStatistics: The ResourceType:ACL_STATISTICS_CREATE_DESTROY_DVPP_ROI_CONFIG, applyTotal = 0, applySucc = 0, releaseTotal = 0, releaseSucc = 0
[EVENT] ASCENDCL(83406,Resize):2021-08-13-23:06:58.111.819 [/home/jenkins/agent/workspace/Compile_ACL_Centos_X86/acl/toolchain/resource_statistics.cpp:104]83406 TraverseStatistics: The ResourceType:ACL_STATISTICS_CREATE_DESTROY_DVPP_RESIZE_CONFIG, applyTotal = 0, applySucc = 0, releaseTotal = 0, releaseSucc = 0
[EVENT] ASCENDCL(83406,Resize):2021-08-13-23:06:58.111.828 [/home/jenkins/agent/workspace/Compile_ACL_Centos_X86/acl/toolchain/resource_statistics.cpp:104]83406 TraverseStatistics: The ResourceType:ACL_STATISTICS_CREATE_DESTROY_DVPP_JPEGE_CONFIG, applyTotal = 0, applySucc = 0, releaseTotal = 0, releaseSucc = 0
[EVENT] ASCENDCL(83406,Resize):2021-08-13-23:06:58.111.836 [/home/jenkins/agent/workspace/Compile_ACL_Centos_X86/acl/toolchain/resource_statistics.cpp:104]83406 TraverseStatistics: The ResourceType:ACL_STATISTICS_CREATE_DESTROY_VDEC_CHANNEL_DESC, applyTotal = 0, applySucc = 0, releaseTotal = 0, releaseSucc = 0
[EVENT] ASCENDCL(83406,Resize):2021-08-13-23:06:58.111.844 [/home/jenkins/agent/workspace/Compile_ACL_Centos_X86/acl/toolchain/resource_statistics.cpp:104]83406 TraverseStatistics: The ResourceType:ACL_STATISTICS_CREATE_DESTROY_VENC_CHANNEL_DESC, applyTotal = 0, applySucc = 0, releaseTotal = 0, releaseSucc = 0
[EVENT] ASCENDCL(83406,Resize):2021-08-13-23:06:58.111.852 [/home/jenkins/agent/workspace/Compile_ACL_Centos_X86/acl/toolchain/resource_statistics.cpp:104]83406 TraverseStatistics: The ResourceType:ACL_STATISTICS_CREATE_DESTROY_DVPP_STREAM_DESC, applyTotal = 0, applySucc = 0, releaseTotal = 0, releaseSucc = 0
[EVENT] ASCENDCL(83406,Resize):2021-08-13-23:06:58.111.860 [/home/jenkins/agent/workspace/Compile_ACL_Centos_X86/acl/toolchain/resource_statistics.cpp:104]83406 TraverseStatistics: The ResourceType:ACL_STATISTICS_CREATE_DESTROY_VDEC_FRAME_CONFIG, applyTotal = 0, applySucc = 0, releaseTotal = 0, releaseSucc = 0
[EVENT] ASCENDCL(83406,Resize):2021-08-13-23:06:58.111.868 [/home/jenkins/agent/workspace/Compile_ACL_Centos_X86/acl/toolchain/resource_statistics.cpp:104]83406 TraverseStatistics: The ResourceType:ACL_STATISTICS_CREATE_DESTROY_VENC_FRAME_CONFIG, applyTotal = 0, applySucc = 0, releaseTotal = 0, releaseSucc = 0
[EVENT] ASCENDCL(83406,Resize):2021-08-13-23:06:58.111.876 [/home/jenkins/agent/workspace/Compile_ACL_Centos_X86/acl/toolchain/resource_statistics.cpp:104]83406 TraverseStatistics: The ResourceType:ACL_STATISTICS_CREATE_DESTROY_DVPP_CHANNEL, applyTotal = 0, applySucc = 0, releaseTotal = 0, releaseSucc = 0
[EVENT] ASCENDCL(83406,Resize):2021-08-13-23:06:58.111.884 [/home/jenkins/agent/workspace/Compile_ACL_Centos_X86/acl/toolchain/resource_statistics.cpp:104]83406 TraverseStatistics: The ResourceType:ACL_STATISTICS_CREATE_DESTROY_VDEC_CHANNEL, applyTotal = 0, applySucc = 0, releaseTotal = 0, releaseSucc = 0
[EVENT] ASCENDCL(83406,Resize):2021-08-13-23:06:58.111.935 [/home/jenkins/agent/workspace/Compile_ACL_Centos_X86/acl/toolchain/resource_statistics.cpp:104]83406 TraverseStatistics: The ResourceType:ACL_STATISTICS_CREATE_DESTROY_VENC_CHANNEL, applyTotal = 0, applySucc = 0, releaseTotal = 0, releaseSucc = 0
[EVENT] ASCENDCL(83406,Resize):2021-08-13-23:06:58.111.944 [/home/jenkins/agent/workspace/Compile_ACL_Centos_X86/acl/toolchain/resource_statistics.cpp:104]83406 TraverseStatistics: The ResourceType:ACL_STATISTICS_CREATE_DESTROY_DVPP_BATCH_PIC_DESC, applyTotal = 0, applySucc = 0, releaseTotal = 0, releaseSucc = 0
[EVENT] ASCENDCL(83406,Resize):2021-08-13-23:06:58.111.952 [/home/jenkins/agent/workspace/Compile_ACL_Centos_X86/acl/toolchain/resource_statistics.cpp:104]83406 TraverseStatistics: The ResourceType:ACL_STATISTICS_CREATE_DESTROY_GROUP_INFO, applyTotal = 0, applySucc = 0, releaseTotal = 0, releaseSucc = 0
[EVENT] ASCENDCL(83406,Resize):2021-08-13-23:06:58.111.960 [/home/jenkins/agent/workspace/Compile_ACL_Centos_X86/acl/toolchain/resource_statistics.cpp:104]83406 TraverseStatistics: The ResourceType:ACL_STATISTICS_CREATE_DESTROY_PROF_CONFIG, applyTotal = 0, applySucc = 0, releaseTotal = 0, releaseSucc = 0
[EVENT] ASCENDCL(83406,Resize):2021-08-13-23:06:58.111.968 [/home/jenkins/agent/workspace/Compile_ACL_Centos_X86/acl/toolchain/resource_statistics.cpp:104]83406 TraverseStatistics: The ResourceType:ACL_STATISTICS_CREATE_DESTROY_PROF_SUB_CONFIG, applyTotal = 0, applySucc = 0, releaseTotal = 0, releaseSucc = 0
[EVENT] ASCENDCL(83406,Resize):2021-08-13-23:06:58.111.976 [/home/jenkins/agent/workspace/Compile_ACL_Centos_X86/acl/toolchain/resource_statistics.cpp:104]83406 TraverseStatistics: The ResourceType:ACL_STATISTICS_CREATE_DESTROY_MODEL_CONFIG, applyTotal = 0, applySucc = 0, releaseTotal = 0, releaseSucc = 0
[EVENT] PROFILING(83406,Resize):2021-08-13-23:06:58.111.986 [msprof_callback_impl.cpp:61] >>> (tid:83406) MsprofCtrlCallback called, type: 3
[TRACE] GE(83406,Resize):2021-08-13-23:06:58.112.084 [status:INIT] [/home/jenkins/agent/workspace/Compile_GraphEngine_Centos_X86/graphengine/ge/client/ge_api.cc:202]83406 GEFinalize:GEFinalize start
[TRACE] GE(83406,Resize):2021-08-13-23:06:58.112.095 [status:RUNNING] [/home/jenkins/agent/workspace/Compile_GraphEngine_Centos_X86/graphengine/ge/client/ge_api.cc:207]83406 GEFinalize:Finalizing environment
[EVENT] FE(83406,Resize):2021-08-13-23:06:58.716.870 [/home/jenkins/agent/workspace/Compile_Air_Centos_X86/air/compiler/graphcompiler/engines/nneng/optimizer/fusion_manager/fusion_manager.cc:413]83406 Finalize:"[FE_PERFORMANCE]The time cost of FusionManager::Finalize is [548478] micro second."
[TRACE] GE(83406,Resize):2021-08-13-23:06:58.720.418 [status:STOP] [/home/jenkins/agent/workspace/Compile_GraphEngine_Centos_X86/graphengine/ge/client/ge_api.cc:238]83406 GEFinalize:GEFinalize finished
[EVENT] IDEDH(83406,Resize):2021-08-13-23:06:58.831.530 [adx_server_manager.cpp:27][tid:83406]>>> start to deconstruct adx server manager
[EVENT] IDEDH(83406,Resize):2021-08-13-23:06:58.832.852 [adx_server_manager.cpp:27][tid:83406]>>> start to deconstruct adx server manager
